[INFO] Scanning for projects...
[INFO] ------------------------------------------------------------------------
[INFO] Reactor Build Order:
[INFO] 
[INFO] logistics-platform                                                 [pom]
[INFO] config-service                                                     [jar]
[INFO] gateway-service                                                    [jar]
[INFO] identity-service                                                   [jar]
[INFO] customer-service                                                   [jar]
[INFO] 
[INFO] ------------------< com.logistics:logistics-platform >------------------
[INFO] Building logistics-platform 1.0.0-SNAPSHOT                         [1/5]
[INFO]   from pom.xml
[INFO] --------------------------------[ pom ]---------------------------------
[INFO] 
[INFO] --- clean:3.3.2:clean (default-clean) @ logistics-platform ---
[INFO] 
[INFO] --------------------< com.logistics:config-service >--------------------
[INFO] Building config-service 1.0.0-SNAPSHOT                             [2/5]
[INFO]   from config-service\pom.xml
[INFO] --------------------------------[ jar ]---------------------------------
[INFO] 
[INFO] --- clean:3.3.2:clean (default-clean) @ config-service ---
[INFO] Deleting C:\Users\ihebL\OneDrive\Desktop\projects\Logistique\logistics-platform\config-service\target
[INFO] 
[INFO] --- resources:3.3.1:resources (default-resources) @ config-service ---
[INFO] Copying 1 resource from src\main\resources to target\classes
[INFO] Copying 0 resource from src\main\resources to target\classes
[INFO] 
[INFO] --- compiler:3.11.0:compile (default-compile) @ config-service ---
[INFO] Changes detected - recompiling the module! :source
[INFO] Compiling 1 source file with javac [debug release 17] to target\classes
[INFO] 
[INFO] -------------------< com.logistics:gateway-service >--------------------
[INFO] Building gateway-service 1.0.0-SNAPSHOT                            [3/5]
[INFO]   from gateway-service\pom.xml
[INFO] --------------------------------[ jar ]---------------------------------
[INFO] 
[INFO] --- clean:3.3.2:clean (default-clean) @ gateway-service ---
[INFO] Deleting C:\Users\ihebL\OneDrive\Desktop\projects\Logistique\logistics-platform\gateway-service\target
[INFO] 
[INFO] --- resources:3.3.1:resources (default-resources) @ gateway-service ---
[INFO] Copying 1 resource from src\main\resources to target\classes
[INFO] Copying 0 resource from src\main\resources to target\classes
[INFO] 
[INFO] --- compiler:3.11.0:compile (default-compile) @ gateway-service ---
[INFO] Changes detected - recompiling the module! :source
[INFO] Compiling 2 source files with javac [debug release 17] to target\classes
[INFO] 
[INFO] -------------------< com.logistics:identity-service >-------------------
[INFO] Building identity-service 1.0.0-SNAPSHOT                           [4/5]
[INFO]   from identity-service\pom.xml
[INFO] --------------------------------[ jar ]---------------------------------
[INFO] 
[INFO] --- clean:3.3.2:clean (default-clean) @ identity-service ---
[INFO] Deleting C:\Users\ihebL\OneDrive\Desktop\projects\Logistique\logistics-platform\identity-service\target
[INFO] 
[INFO] --- resources:3.3.1:resources (default-resources) @ identity-service ---
[INFO] Copying 1 resource from src\main\resources to target\classes
[INFO] Copying 0 resource from src\main\resources to target\classes
[INFO] 
[INFO] --- compiler:3.11.0:compile (default-compile) @ identity-service ---
[INFO] Changes detected - recompiling the module! :source
[INFO] Compiling 13 source files with javac [debug release 17] to target\classes
[INFO] /C:/Users/ihebL/OneDrive/Desktop/projects/Logistique/logistics-platform/identity-service/src/main/java/com/logistics/identity/infrastructure/keycloak/KeycloakAdminClient.java: C:\Users\ihebL\OneDrive\Desktop\projects\Logistique\logistics-platform\identity-service\src\main\java\com\logistics\identity\infrastructure\keycloak\KeycloakAdminClient.java uses unchecked or unsafe operations.
[INFO] /C:/Users/ihebL/OneDrive/Desktop/projects/Logistique/logistics-platform/identity-service/src/main/java/com/logistics/identity/infrastructure/keycloak/KeycloakAdminClient.java: Recompile with -Xlint:unchecked for details.
[INFO] 
[INFO] -------------------< com.logistics:customer-service >-------------------
[INFO] Building customer-service 1.0.0-SNAPSHOT                           [5/5]
[INFO]   from customer-service\pom.xml
[INFO] --------------------------------[ jar ]---------------------------------
[INFO] 
[INFO] --- clean:3.3.2:clean (default-clean) @ customer-service ---
[INFO] Deleting C:\Users\ihebL\OneDrive\Desktop\projects\Logistique\logistics-platform\customer-service\target
[INFO] 
[INFO] --- resources:3.3.1:resources (default-resources) @ customer-service ---
[INFO] Copying 1 resource from src\main\resources to target\classes
[INFO] Copying 0 resource from src\main\resources to target\classes
[INFO] 
[INFO] --- compiler:3.11.0:compile (default-compile) @ customer-service ---
[INFO] Changes detected - recompiling the module! :source
[INFO] Compiling 13 source files with javac [debug release 17] to target\classes
[INFO] ------------------------------------------------------------------------
[INFO] Reactor Summary for logistics-platform 1.0.0-SNAPSHOT:
[INFO] 
[INFO] logistics-platform ................................. SUCCESS [  0.101 s]
[INFO] config-service ..................................... SUCCESS [  1.781 s]
[INFO] gateway-service .................................... SUCCESS [  1.043 s]
[INFO] identity-service ................................... SUCCESS [  1.717 s]
[INFO] customer-service ................................... SUCCESS [  1.330 s]
[INFO] ------------------------------------------------------------------------
[INFO] BUILD SUCCESS
[INFO] ------------------------------------------------------------------------
[INFO] Total time:  6.279 s
[INFO] Finished at: 2026-04-06T15:19:53+01:00
[INFO] ------------------------------------------------------------------------
