[INFO] Scanning for projects...
[INFO] 
[INFO] -------------------< com.logistics:identity-service >-------------------
[INFO] Building identity-service 1.0.0-SNAPSHOT
[INFO]   from pom.xml
[INFO] --------------------------------[ jar ]---------------------------------
[INFO] 
[INFO] --- clean:3.3.2:clean (default-clean) @ identity-service ---
[INFO] Deleting C:\Users\ihebL\OneDrive\Desktop\projects\Logistique\logistics-platform\identity-service\target
[INFO] 
[INFO] --- resources:3.3.1:resources (default-resources) @ identity-service ---
[INFO] Copying 1 resource from src\main\resources to target\classes
[INFO] Copying 0 resource from src\main\resources to target\classes
[INFO] 
[INFO] --- compiler:3.11.0:compile (default-compile) @ identity-service ---
[INFO] Changes detected - recompiling the module! :source
[INFO] Compiling 15 source files with javac [debug release 17] to target\classes
[INFO] /C:/Users/ihebL/OneDrive/Desktop/projects/Logistique/logistics-platform/identity-service/src/main/java/com/logistics/identity/infrastructure/keycloak/KeycloakAdminClient.java: C:\Users\ihebL\OneDrive\Desktop\projects\Logistique\logistics-platform\identity-service\src\main\java\com\logistics\identity\infrastructure\keycloak\KeycloakAdminClient.java uses unchecked or unsafe operations.
[INFO] /C:/Users/ihebL/OneDrive/Desktop/projects/Logistique/logistics-platform/identity-service/src/main/java/com/logistics/identity/infrastructure/keycloak/KeycloakAdminClient.java: Recompile with -Xlint:unchecked for details.
[INFO] ------------------------------------------------------------------------
[INFO] BUILD SUCCESS
[INFO] ------------------------------------------------------------------------
[INFO] Total time:  3.756 s
[INFO] Finished at: 2026-04-06T11:51:40+01:00
[INFO] ------------------------------------------------------------------------
