[INFO] Scanning for projects...
[INFO] 
[INFO] -------------------< com.logistics:customer-service >-------------------
[INFO] Building customer-service 1.0.0-SNAPSHOT
[INFO]   from pom.xml
[INFO] --------------------------------[ jar ]---------------------------------
[INFO] 
[INFO] --- clean:3.3.2:clean (default-clean) @ customer-service ---
[INFO] Deleting C:\Users\ihebL\OneDrive\Desktop\projects\Logistique\logistics-platform\customer-service\target
[INFO] 
[INFO] --- resources:3.3.1:resources (default-resources) @ customer-service ---
[INFO] Copying 1 resource from src\main\resources to target\classes
[INFO] Copying 0 resource from src\main\resources to target\classes
[INFO] 
[INFO] --- compiler:3.11.0:compile (default-compile) @ customer-service ---
[INFO] Changes detected - recompiling the module! :source
[INFO] Compiling 13 source files with javac [debug release 17] to target\classes
[INFO] ------------------------------------------------------------------------
[INFO] BUILD SUCCESS
[INFO] ------------------------------------------------------------------------
[INFO] Total time:  4.480 s
[INFO] Finished at: 2026-04-06T11:51:31+01:00
[INFO] ------------------------------------------------------------------------
